DEPRECATION WARNING: `Rails.application.secrets` is deprecated in favor of `Rails.application.credentials` and will be removed in Rails 7.2. (called from <main> at /home/xadras/boa/boa-main/config/environment.rb:5)
Started GET "/" for 127.0.0.1 at 2024-01-14 17:34:35 -0700
  [1m[35m (0.6ms)[0m  [1m[35mCREATE TABLE "schema_migrations" ("version" varchar NOT NULL PRIMARY KEY)[0m
  [1m[35m (0.1ms)[0m  [1m[35mCREATE TABLE "ar_internal_metadata" ("key" varchar NOT NULL PRIMARY KEY, "value" varchar, "created_at" datetime(6) NOT NULL, "updated_at" datetime(6) NOT NULL)[0m
  [1m[36mActiveRecord::SchemaMigration Load (0.1ms)[0m  [1m[34mSELECT "schema_migrations"."version" FROM "schema_migrations" ORDER BY "schema_migrations"."version" ASC[0m
  
ActiveRecord::PendingMigrationError (

Migrations are pending. To resolve this issue, run:

        bin/rails db:migrate

You have 17 pending migrations:

db/migrate/20231230212349_devise_create_users.rb
db/migrate/20231230212423_create_accounts.rb
db/migrate/20231230212424_create_expenses.rb
db/migrate/20231230212425_create_transactions.rb
db/migrate/20231230224253_remove_name_from_users.rb
db/migrate/20231231004644_change_account_nullable_in_expenses.rb
db/migrate/20231231133558_change_due_date_type_in_expenses.rb
db/migrate/20231231135240_add_current_balance_to_expenses.rb
db/migrate/20231231145418_change_account_default_in_transactions.rb
db/migrate/20240101013212_create_acc_transactions.rb
db/migrate/20240101013213_create_exp_transactions.rb
db/migrate/20240102000245_add_budget_to_expenses.rb
db/migrate/20240102044943_add_account_id_to_exp_transactions.rb
db/migrate/20240104004251_add_order_to_accounts.rb
db/migrate/20240107183543_change_exp_transactions_user_id_nullable.rb
db/migrate/20240107183925_change_exp_transactions_account_id_nullable.rb
db/migrate/20240108124620_add_default_fund_amount_to_expenses.rb


):
  
activerecord (7.1.2) lib/active_record/migration.rb:754:in `check_pending_migrations'
activerecord (7.1.2) lib/active_record/migration.rb:643:in `block (2 levels) in call'
activesupport (7.1.2) lib/active_support/file_update_checker.rb:85:in `execute'
activerecord (7.1.2) lib/active_record/migration.rb:648:in `block in call'
activerecord (7.1.2) lib/active_record/migration.rb:640:in `synchronize'
activerecord (7.1.2) lib/active_record/migration.rb:640:in `call'
actionpack (7.1.2) lib/action_dispatch/middleware/callbacks.rb:29:in `block in call'
activesupport (7.1.2) lib/active_support/callbacks.rb:101:in `run_callbacks'
actionpack (7.1.2) lib/action_dispatch/middleware/callbacks.rb:28:in `call'
actionpack (7.1.2) lib/action_dispatch/middleware/executor.rb:14:in `call'
actionpack (7.1.2) lib/action_dispatch/middleware/actionable_exceptions.rb:16:in `call'
actionpack (7.1.2) lib/action_dispatch/middleware/debug_exceptions.rb:29:in `call'
web-console (4.2.1) lib/web_console/middleware.rb:132:in `call_app'
web-console (4.2.1) lib/web_console/middleware.rb:28:in `block in call'
web-console (4.2.1) lib/web_console/middleware.rb:17:in `catch'
web-console (4.2.1) lib/web_console/middleware.rb:17:in `call'
actionpack (7.1.2) lib/action_dispatch/middleware/show_exceptions.rb:31:in `call'
railties (7.1.2) lib/rails/rack/logger.rb:37:in `call_app'
railties (7.1.2) lib/rails/rack/logger.rb:24:in `block in call'
activesupport (7.1.2) lib/active_support/tagged_logging.rb:135:in `block in tagged'
activesupport (7.1.2) lib/active_support/tagged_logging.rb:39:in `tagged'
activesupport (7.1.2) lib/active_support/tagged_logging.rb:135:in `tagged'
activesupport (7.1.2) lib/active_support/broadcast_logger.rb:240:in `method_missing'
railties (7.1.2) lib/rails/rack/logger.rb:24:in `call'
sprockets-rails (3.4.2) lib/sprockets/rails/quiet_assets.rb:13:in `call'
actionpack (7.1.2) lib/action_dispatch/middleware/remote_ip.rb:92:in `call'
actionpack (7.1.2) lib/action_dispatch/middleware/request_id.rb:28:in `call'
rack (3.0.8) lib/rack/method_override.rb:28:in `call'
rack (3.0.8) lib/rack/runtime.rb:24:in `call'
activesupport (7.1.2) lib/active_support/cache/strategy/local_cache_middleware.rb:29:in `call'
actionpack (7.1.2) lib/action_dispatch/middleware/server_timing.rb:59:in `block in call'
actionpack (7.1.2) lib/action_dispatch/middleware/server_timing.rb:24:in `collect_events'
actionpack (7.1.2) lib/action_dispatch/middleware/server_timing.rb:58:in `call'
actionpack (7.1.2) lib/action_dispatch/middleware/executor.rb:14:in `call'
actionpack (7.1.2) lib/action_dispatch/middleware/static.rb:25:in `call'
rack (3.0.8) lib/rack/sendfile.rb:114:in `call'
actionpack (7.1.2) lib/action_dispatch/middleware/host_authorization.rb:141:in `call'
railties (7.1.2) lib/rails/engine.rb:529:in `call'
puma (6.4.0) lib/puma/configuration.rb:272:in `call'
puma (6.4.0) lib/puma/request.rb:100:in `block in handle_request'
puma (6.4.0) lib/puma/thread_pool.rb:378:in `with_force_shutdown'
puma (6.4.0) lib/puma/request.rb:99:in `handle_request'
puma (6.4.0) lib/puma/server.rb:443:in `process_client'
puma (6.4.0) lib/puma/server.rb:241:in `block in run'
puma (6.4.0) lib/puma/thread_pool.rb:155:in `block in spawn_thread'
DEPRECATION WARNING: `Rails.application.secrets` is deprecated in favor of `Rails.application.credentials` and will be removed in Rails 7.2. (called from <main> at /home/xadras/boa/boa-main/config/environment.rb:5)
  [1m[36mActiveRecord::InternalMetadata Load (0.1ms)[0m  [1m[34mSELECT * FROM "ar_internal_metadata" WHERE "ar_internal_metadata"."key" = ? ORDER BY "ar_internal_metadata"."key" ASC LIMIT 1[0m  [[nil, "environment"]]
  [1m[36mActiveRecord::InternalMetadata Create (1.3ms)[0m  [1m[32mINSERT INTO "ar_internal_metadata" ("key", "value", "created_at", "updated_at") VALUES ('environment', 'development', '2024-01-15 00:35:02.203391', '2024-01-15 00:35:02.203394') RETURNING "key"[0m
  [1m[36mActiveRecord::SchemaMigration Load (0.1ms)[0m  [1m[34mSELECT "schema_migrations"."version" FROM "schema_migrations" ORDER BY "schema_migrations"."version" ASC[0m
Migrating to DeviseCreateUsers (20231230212349)
  [1m[36mTRANSACTION (0.0ms)[0m  [1m[36mbegin transaction[0m
  [1m[35m (0.6ms)[0m  [1m[35mCREATE TABLE "users" ("id" integer PRIMARY KEY AUTOINCREMENT NOT NULL, "email" varchar DEFAULT '' NOT NULL, "encrypted_password" varchar DEFAULT '' NOT NULL, "reset_password_token" varchar, "reset_password_sent_at" datetime(6), "remember_created_at" datetime(6), "created_at" datetime(6) NOT NULL, "updated_at" datetime(6) NOT NULL)[0m
  [1m[35m (0.1ms)[0m  [1m[35mCREATE UNIQUE INDEX "index_users_on_email" ON "users" ("email")[0m
  [1m[35m (0.1ms)[0m  [1m[35mCREATE UNIQUE INDEX "index_users_on_reset_password_token" ON "users" ("reset_password_token")[0m
  [1m[36mActiveRecord::SchemaMigration Create (0.0ms)[0m  [1m[32mINSERT INTO "schema_migrations" ("version") VALUES ('20231230212349') RETURNING "version"[0m
  [1m[36mTRANSACTION (0.1ms)[0m  [1m[36mcommit transaction[0m
Migrating to CreateAccounts (20231230212423)
  [1m[36mTRANSACTION (0.0ms)[0m  [1m[36mbegin transaction[0m
  [1m[35m (0.5ms)[0m  [1m[35mCREATE TABLE "accounts" ("id" integer PRIMARY KEY AUTOINCREMENT NOT NULL, "name" varchar, "current_balance" decimal, "available_balance" decimal, "user_id" integer NOT NULL, "created_at" datetime(6) NOT NULL, "updated_at" datetime(6) NOT NULL, CONSTRAINT "fk_rails_b1e30bebc8"
FOREIGN KEY ("user_id")
  REFERENCES "users" ("id")
 ON DELETE CASCADE)[0m
  [1m[35m (0.1ms)[0m  [1m[35mCREATE INDEX "index_accounts_on_user_id" ON "accounts" ("user_id")[0m
  [1m[36mActiveRecord::SchemaMigration Create (0.0ms)[0m  [1m[32mINSERT INTO "schema_migrations" ("version") VALUES ('20231230212423') RETURNING "version"[0m
  [1m[36mTRANSACTION (0.1ms)[0m  [1m[36mcommit transaction[0m
Migrating to CreateExpenses (20231230212424)
  [1m[36mTRANSACTION (0.0ms)[0m  [1m[36mbegin transaction[0m
  [1m[35m (0.5ms)[0m  [1m[35mCREATE TABLE "expenses" ("id" integer PRIMARY KEY AUTOINCREMENT NOT NULL, "creditor" varchar, "purpose" varchar, "initial_balance" decimal, "interest" decimal, "funds" decimal, "due_date" date, "terms" integer, "amount_due" decimal, "account_id" integer NOT NULL, "user_id" integer NOT NULL, "created_at" datetime(6) NOT NULL, "updated_at" datetime(6) NOT NULL, CONSTRAINT "fk_rails_d88dc500b6"
FOREIGN KEY ("account_id")
  REFERENCES "accounts" ("id")
 ON DELETE CASCADE, CONSTRAINT "fk_rails_c3ee69df61"
FOREIGN KEY ("user_id")
  REFERENCES "users" ("id")
 ON DELETE CASCADE)[0m
  [1m[35m (0.1ms)[0m  [1m[35mCREATE INDEX "index_expenses_on_account_id" ON "expenses" ("account_id")[0m
  [1m[35m (0.0ms)[0m  [1m[35mCREATE INDEX "index_expenses_on_user_id" ON "expenses" ("user_id")[0m
  [1m[36mActiveRecord::SchemaMigration Create (0.0ms)[0m  [1m[32mINSERT INTO "schema_migrations" ("version") VALUES ('20231230212424') RETURNING "version"[0m
  [1m[36mTRANSACTION (0.1ms)[0m  [1m[36mcommit transaction[0m
Migrating to CreateTransactions (20231230212425)
  [1m[36mTRANSACTION (0.0ms)[0m  [1m[36mbegin transaction[0m
  [1m[35m (0.9ms)[0m  [1m[35mCREATE TABLE "transactions" ("id" integer PRIMARY KEY AUTOINCREMENT NOT NULL, "date" date, "source" varchar, "description" varchar, "amount" decimal, "user_id" integer NOT NULL, "account_id" integer NOT NULL, "expense_id" integer NOT NULL, "created_at" datetime(6) NOT NULL, "updated_at" datetime(6) NOT NULL, CONSTRAINT "fk_rails_77364e6416"
FOREIGN KEY ("user_id")
  REFERENCES "users" ("id")
 ON DELETE CASCADE, CONSTRAINT "fk_rails_01f020e267"
FOREIGN KEY ("account_id")
  REFERENCES "accounts" ("id")
 ON DELETE CASCADE, CONSTRAINT "fk_rails_8786dfdc2c"
FOREIGN KEY ("expense_id")
  REFERENCES "expenses" ("id")
 ON DELETE CASCADE)[0m
  [1m[35m (0.1ms)[0m  [1m[35mCREATE INDEX "index_transactions_on_user_id" ON "transactions" ("user_id")[0m
  [1m[35m (0.0ms)[0m  [1m[35mCREATE INDEX "index_transactions_on_account_id" ON "transactions" ("account_id")[0m
  [1m[35m (0.0ms)[0m  [1m[35mCREATE INDEX "index_transactions_on_expense_id" ON "transactions" ("expense_id")[0m
  [1m[36mActiveRecord::SchemaMigration Create (0.0ms)[0m  [1m[32mINSERT INTO "schema_migrations" ("version") VALUES ('20231230212425') RETURNING "version"[0m
  [1m[36mTRANSACTION (0.1ms)[0m  [1m[36mcommit transaction[0m
Migrating to RemoveNameFromUsers (20231230224253)
  [1m[36mTRANSACTION (0.0ms)[0m  [1m[36mbegin transaction[0m
  [1m[35m (0.0ms)[0m  [1m[35mPRAGMA foreign_keys[0m
  [1m[35m (0.0ms)[0m  [1m[35mPRAGMA defer_foreign_keys[0m
  [1m[35m (0.0ms)[0m  [1m[35mPRAGMA defer_foreign_keys = ON[0m
  [1m[35m (0.0ms)[0m  [1m[35mPRAGMA foreign_keys = OFF[0m
  [1m[35m (0.1ms)[0m  [1m[35mCREATE TEMPORARY TABLE "ausers" ("id" integer PRIMARY KEY AUTOINCREMENT NOT NULL, "email" varchar DEFAULT '' NOT NULL, "encrypted_password" varchar DEFAULT '' NOT NULL, "reset_password_token" varchar DEFAULT NULL, "reset_password_sent_at" datetime(6) DEFAULT NULL, "remember_created_at" datetime(6) DEFAULT NULL, "created_at" datetime(6) NOT NULL, "updated_at" datetime(6) NOT NULL)[0m
  [1m[35m (0.1ms)[0m  [1m[35mCREATE UNIQUE INDEX "tindex_ausers_on_reset_password_token" ON "ausers" ("reset_password_token")[0m
  [1m[35m (0.0ms)[0m  [1m[35mCREATE UNIQUE INDEX "tindex_ausers_on_email" ON "ausers" ("email")[0m
  [1m[35m (0.0ms)[0m  [1m[32mINSERT INTO "ausers" ("id","email","encrypted_password","reset_password_token","reset_password_sent_at","remember_created_at","created_at","updated_at")
                     SELECT "id","email","encrypted_password","reset_password_token","reset_password_sent_at","remember_created_at","created_at","updated_at" FROM "users"[0m
  [1m[35m (0.2ms)[0m  [1m[35mDROP TABLE "users"[0m
  [1m[35m (0.1ms)[0m  [1m[35mCREATE TABLE "users" ("id" integer PRIMARY KEY AUTOINCREMENT NOT NULL, "email" varchar DEFAULT '' NOT NULL, "encrypted_password" varchar DEFAULT '' NOT NULL, "reset_password_token" varchar DEFAULT NULL, "reset_password_sent_at" datetime(6) DEFAULT NULL, "remember_created_at" datetime(6) DEFAULT NULL, "created_at" datetime(6) NOT NULL, "updated_at" datetime(6) NOT NULL)[0m
  [1m[35m (0.0ms)[0m  [1m[35mCREATE UNIQUE INDEX "index_users_on_email" ON "users" ("email")[0m
  [1m[35m (0.0ms)[0m  [1m[35mCREATE UNIQUE INDEX "index_users_on_reset_password_token" ON "users" ("reset_password_token")[0m
  [1m[35m (0.0ms)[0m  [1m[32mINSERT INTO "users" ("id","email","encrypted_password","reset_password_token","reset_password_sent_at","remember_created_at","created_at","updated_at")
                     SELECT "id","email","encrypted_password","reset_password_token","reset_password_sent_at","remember_created_at","created_at","updated_at" FROM "ausers"[0m
  [1m[35m (0.1ms)[0m  [1m[35mDROP TABLE "ausers"[0m
  [1m[35m (0.0ms)[0m  [1m[35mPRAGMA defer_foreign_keys = 0[0m
  [1m[35m (0.0ms)[0m  [1m[35mPRAGMA foreign_keys = 1[0m
  [1m[36mActiveRecord::SchemaMigration Create (0.0ms)[0m  [1m[32mINSERT INTO "schema_migrations" ("version") VALUES ('20231230224253') RETURNING "version"[0m
  [1m[36mTRANSACTION (0.1ms)[0m  [1m[36mcommit transaction[0m
Migrating to ChangeAccountNullableInExpenses (20231231004644)
  [1m[36mTRANSACTION (0.0ms)[0m  [1m[36mbegin transaction[0m
  [1m[35m (0.0ms)[0m  [1m[35mPRAGMA foreign_keys[0m
  [1m[35m (0.0ms)[0m  [1m[35mPRAGMA defer_foreign_keys[0m
  [1m[35m (0.0ms)[0m  [1m[35mPRAGMA defer_foreign_keys = ON[0m
  [1m[35m (0.0ms)[0m  [1m[35mPRAGMA foreign_keys = OFF[0m
  [1m[35m (0.1ms)[0m  [1m[35mCREATE TEMPORARY TABLE "aexpenses" ("id" integer PRIMARY KEY AUTOINCREMENT NOT NULL, "creditor" varchar DEFAULT NULL, "purpose" varchar DEFAULT NULL, "initial_balance" decimal DEFAULT NULL, "interest" decimal DEFAULT NULL, "funds" decimal DEFAULT NULL, "due_date" date DEFAULT NULL, "terms" integer DEFAULT NULL, "amount_due" decimal DEFAULT NULL, "account_id" integer NOT NULL, "user_id" integer NOT NULL, "created_at" datetime(6) NOT NULL, "updated_at" datetime(6) NOT NULL)[0m
  [1m[35m (0.1ms)[0m  [1m[35mCREATE INDEX "tindex_aexpenses_on_user_id" ON "aexpenses" ("user_id")[0m
  [1m[35m (0.1ms)[0m  [1m[35mCREATE INDEX "tindex_aexpenses_on_account_id" ON "aexpenses" ("account_id")[0m
  [1m[35m (0.0ms)[0m  [1m[32mINSERT INTO "aexpenses" ("id","creditor","purpose","initial_balance","interest","funds","due_date","terms","amount_due","account_id","user_id","created_at","updated_at")
                     SELECT "id","creditor","purpose","initial_balance","interest","funds","due_date","terms","amount_due","account_id","user_id","created_at","updated_at" FROM "expenses"[0m
  [1m[35m (0.3ms)[0m  [1m[35mDROP TABLE "expenses"[0m
  [1m[35m (0.1ms)[0m  [1m[35mCREATE TABLE "expenses" ("id" integer PRIMARY KEY AUTOINCREMENT NOT NULL, "creditor" varchar DEFAULT NULL, "purpose" varchar DEFAULT NULL, "initial_balance" decimal DEFAULT NULL, "interest" decimal DEFAULT NULL, "funds" decimal DEFAULT NULL, "due_date" date DEFAULT NULL, "terms" integer DEFAULT NULL, "amount_due" decimal DEFAULT NULL, "account_id" bigint, "user_id" integer NOT NULL, "created_at" datetime(6) NOT NULL, "updated_at" datetime(6) NOT NULL, CONSTRAINT "fk_rails_c3ee69df61"
FOREIGN KEY ("user_id")
  REFERENCES "users" ("id")
 ON DELETE CASCADE, CONSTRAINT "fk_rails_d88dc500b6"
FOREIGN KEY ("account_id")
  REFERENCES "accounts" ("id")
 ON DELETE CASCADE)[0m
  [1m[35m (0.1ms)[0m  [1m[35mCREATE INDEX "index_expenses_on_account_id" ON "expenses" ("account_id")[0m
  [1m[35m (0.0ms)[0m  [1m[35mCREATE INDEX "index_expenses_on_user_id" ON "expenses" ("user_id")[0m
  [1m[35m (0.0ms)[0m  [1m[32mINSERT INTO "expenses" ("id","creditor","purpose","initial_balance","interest","funds","due_date","terms","amount_due","account_id","user_id","created_at","updated_at")
                     SELECT "id","creditor","purpose","initial_balance","interest","funds","due_date","terms","amount_due","account_id","user_id","created_at","updated_at" FROM "aexpenses"[0m
  [1m[35m (0.1ms)[0m  [1m[35mDROP TABLE "aexpenses"[0m
  [1m[35m (0.0ms)[0m  [1m[35mPRAGMA defer_foreign_keys = 0[0m
  [1m[35m (0.0ms)[0m  [1m[35mPRAGMA foreign_keys = 1[0m
  [1m[36mActiveRecord::SchemaMigration Create (0.1ms)[0m  [1m[32mINSERT INTO "schema_migrations" ("version") VALUES ('20231231004644') RETURNING "version"[0m
  [1m[36mTRANSACTION (0.3ms)[0m  [1m[36mcommit transaction[0m
Migrating to ChangeDueDateTypeInExpenses (20231231133558)
  [1m[36mTRANSACTION (0.0ms)[0m  [1m[36mbegin transaction[0m
  [1m[35m (0.0ms)[0m  [1m[35mPRAGMA foreign_keys[0m
  [1m[35m (0.0ms)[0m  [1m[35mPRAGMA defer_foreign_keys[0m
  [1m[35m (0.0ms)[0m  [1m[35mPRAGMA defer_foreign_keys = ON[0m
  [1m[35m (0.0ms)[0m  [1m[35mPRAGMA foreign_keys = OFF[0m
  [1m[35m (0.1ms)[0m  [1m[35mCREATE TEMPORARY TABLE "aexpenses" ("id" integer PRIMARY KEY AUTOINCREMENT NOT NULL, "creditor" varchar DEFAULT NULL, "purpose" varchar DEFAULT NULL, "initial_balance" decimal DEFAULT NULL, "interest" decimal DEFAULT NULL, "funds" decimal DEFAULT NULL, "due_date" date DEFAULT NULL, "terms" integer DEFAULT NULL, "amount_due" decimal DEFAULT NULL, "account_id" bigint DEFAULT NULL, "user_id" integer NOT NULL, "created_at" datetime(6) NOT NULL, "updated_at" datetime(6) NOT NULL)[0m
  [1m[35m (0.0ms)[0m  [1m[35mCREATE INDEX "tindex_aexpenses_on_user_id" ON "aexpenses" ("user_id")[0m
  [1m[35m (0.0ms)[0m  [1m[35mCREATE INDEX "tindex_aexpenses_on_account_id" ON "aexpenses" ("account_id")[0m
  [1m[35m (0.1ms)[0m  [1m[32mINSERT INTO "aexpenses" ("id","creditor","purpose","initial_balance","interest","funds","due_date","terms","amount_due","account_id","user_id","created_at","updated_at")
                     SELECT "id","creditor","purpose","initial_balance","interest","funds","due_date","terms","amount_due","account_id","user_id","created_at","updated_at" FROM "expenses"[0m
  [1m[35m (0.1ms)[0m  [1m[35mDROP TABLE "expenses"[0m
  [1m[35m (0.1ms)[0m  [1m[35mCREATE TABLE "expenses" ("id" integer PRIMARY KEY AUTOINCREMENT NOT NULL, "creditor" varchar DEFAULT NULL, "purpose" varchar DEFAULT NULL, "initial_balance" decimal DEFAULT NULL, "interest" decimal DEFAULT NULL, "funds" decimal DEFAULT NULL, "due_date" integer, "terms" integer DEFAULT NULL, "amount_due" decimal DEFAULT NULL, "account_id" bigint DEFAULT NULL, "user_id" integer NOT NULL, "created_at" datetime(6) NOT NULL, "updated_at" datetime(6) NOT NULL, CONSTRAINT "fk_rails_d88dc500b6"
FOREIGN KEY ("account_id")
  REFERENCES "accounts" ("id")
 ON DELETE CASCADE, CONSTRAINT "fk_rails_c3ee69df61"
FOREIGN KEY ("user_id")
  REFERENCES "users" ("id")
 ON DELETE CASCADE)[0m
  [1m[35m (0.1ms)[0m  [1m[35mCREATE INDEX "index_expenses_on_account_id" ON "expenses" ("account_id")[0m
  [1m[35m (0.0ms)[0m  [1m[35mCREATE INDEX "index_expenses_on_user_id" ON "expenses" ("user_id")[0m
  [1m[35m (0.0ms)[0m  [1m[32mINSERT INTO "expenses" ("id","creditor","purpose","initial_balance","interest","funds","due_date","terms","amount_due","account_id","user_id","created_at","updated_at")
                     SELECT "id","creditor","purpose","initial_balance","interest","funds","due_date","terms","amount_due","account_id","user_id","created_at","updated_at" FROM "aexpenses"[0m
  [1m[35m (0.2ms)[0m  [1m[35mDROP TABLE "aexpenses"[0m
  [1m[35m (0.0ms)[0m  [1m[35mPRAGMA defer_foreign_keys = 0[0m
  [1m[35m (0.0ms)[0m  [1m[35mPRAGMA foreign_keys = 1[0m
  [1m[36mActiveRecord::SchemaMigration Create (0.0ms)[0m  [1m[32mINSERT INTO "schema_migrations" ("version") VALUES ('20231231133558') RETURNING "version"[0m
  [1m[36mTRANSACTION (0.1ms)[0m  [1m[36mcommit transaction[0m
Migrating to AddCurrentBalanceToExpenses (20231231135240)
  [1m[36mTRANSACTION (0.0ms)[0m  [1m[36mbegin transaction[0m
  [1m[35m (0.8ms)[0m  [1m[35mALTER TABLE "expenses" ADD "current_balance" decimal[0m
  [1m[36mActiveRecord::SchemaMigration Create (0.0ms)[0m  [1m[32mINSERT INTO "schema_migrations" ("version") VALUES ('20231231135240') RETURNING "version"[0m
  [1m[36mTRANSACTION (0.1ms)[0m  [1m[36mcommit transaction[0m
Migrating to ChangeAccountDefaultInTransactions (20231231145418)
  [1m[36mTRANSACTION (0.0ms)[0m  [1m[36mbegin transaction[0m
  [1m[35m (0.0ms)[0m  [1m[35mPRAGMA foreign_keys[0m
  [1m[35m (0.0ms)[0m  [1m[35mPRAGMA defer_foreign_keys[0m
  [1m[35m (0.0ms)[0m  [1m[35mPRAGMA defer_foreign_keys = ON[0m
  [1m[35m (0.0ms)[0m  [1m[35mPRAGMA foreign_keys = OFF[0m
  [1m[35m (0.1ms)[0m  [1m[35mCREATE TEMPORARY TABLE "atransactions" ("id" integer PRIMARY KEY AUTOINCREMENT NOT NULL, "date" date DEFAULT NULL, "source" varchar DEFAULT NULL, "description" varchar DEFAULT NULL, "amount" decimal DEFAULT NULL, "user_id" integer NOT NULL, "account_id" integer NOT NULL, "expense_id" integer NOT NULL, "created_at" datetime(6) NOT NULL, "updated_at" datetime(6) NOT NULL)[0m
  [1m[35m (0.1ms)[0m  [1m[35mCREATE INDEX "tindex_atransactions_on_expense_id" ON "atransactions" ("expense_id")[0m
  [1m[35m (0.0ms)[0m  [1m[35mCREATE INDEX "tindex_atransactions_on_account_id" ON "atransactions" ("account_id")[0m
  [1m[35m (0.1ms)[0m  [1m[35mCREATE INDEX "tindex_atransactions_on_user_id" ON "atransactions" ("user_id")[0m
  [1m[35m (0.0ms)[0m  [1m[32mINSERT INTO "atransactions" ("id","date","source","description","amount","user_id","account_id","expense_id","created_at","updated_at")
                     SELECT "id","date","source","description","amount","user_id","account_id","expense_id","created_at","updated_at" FROM "transactions"[0m
  [1m[35m (0.3ms)[0m  [1m[35mDROP TABLE "transactions"[0m
  [1m[35m (0.1ms)[0m  [1m[35mCREATE TABLE "transactions" ("id" integer PRIMARY KEY AUTOINCREMENT NOT NULL, "date" date DEFAULT NULL, "source" varchar DEFAULT NULL, "description" varchar DEFAULT NULL, "amount" decimal DEFAULT NULL, "user_id" integer NOT NULL, "account_id" integer DEFAULT 0 NOT NULL, "expense_id" integer NOT NULL, "created_at" datetime(6) NOT NULL, "updated_at" datetime(6) NOT NULL, CONSTRAINT "fk_rails_8786dfdc2c"
FOREIGN KEY ("expense_id")
  REFERENCES "expenses" ("id")
 ON DELETE CASCADE, CONSTRAINT "fk_rails_01f020e267"
FOREIGN KEY ("account_id")
  REFERENCES "accounts" ("id")
 ON DELETE CASCADE, CONSTRAINT "fk_rails_77364e6416"
FOREIGN KEY ("user_id")
  REFERENCES "users" ("id")
 ON DELETE CASCADE)[0m
  [1m[35m (0.0ms)[0m  [1m[35mCREATE INDEX "index_transactions_on_user_id" ON "transactions" ("user_id")[0m
  [1m[35m (0.1ms)[0m  [1m[35mCREATE INDEX "index_transactions_on_account_id" ON "transactions" ("account_id")[0m
  [1m[35m (0.1ms)[0m  [1m[35mCREATE INDEX "index_transactions_on_expense_id" ON "transactions" ("expense_id")[0m
  [1m[35m (0.0ms)[0m  [1m[32mINSERT INTO "transactions" ("id","date","source","description","amount","user_id","account_id","expense_id","created_at","updated_at")
                     SELECT "id","date","source","description","amount","user_id","account_id","expense_id","created_at","updated_at" FROM "atransactions"[0m
  [1m[35m (0.1ms)[0m  [1m[35mDROP TABLE "atransactions"[0m
  [1m[35m (0.0ms)[0m  [1m[35mPRAGMA defer_foreign_keys = 0[0m
  [1m[35m (0.0ms)[0m  [1m[35mPRAGMA foreign_keys = 1[0m
  [1m[36mActiveRecord::SchemaMigration Create (0.0ms)[0m  [1m[32mINSERT INTO "schema_migrations" ("version") VALUES ('20231231145418') RETURNING "version"[0m
  [1m[36mTRANSACTION (0.1ms)[0m  [1m[36mcommit transaction[0m
Migrating to CreateAccTransactions (20240101013212)
  [1m[36mTRANSACTION (0.0ms)[0m  [1m[36mbegin transaction[0m
  [1m[35m (0.9ms)[0m  [1m[35mCREATE TABLE "acc_transactions" ("id" integer PRIMARY KEY AUTOINCREMENT NOT NULL, "date" date, "source" varchar, "description" varchar, "amount" decimal, "user_id" integer NOT NULL, "account_id" integer NOT NULL, "created_at" datetime(6) NOT NULL, "updated_at" datetime(6) NOT NULL, CONSTRAINT "fk_rails_eefeb9bbb7"
FOREIGN KEY ("user_id")
  REFERENCES "users" ("id")
, CONSTRAINT "fk_rails_8b84ed261a"
FOREIGN KEY ("account_id")
  REFERENCES "accounts" ("id")
)[0m
  [1m[35m (0.1ms)[0m  [1m[35mCREATE INDEX "index_acc_transactions_on_user_id" ON "acc_transactions" ("user_id")[0m
  [1m[35m (0.0ms)[0m  [1m[35mCREATE INDEX "index_acc_transactions_on_account_id" ON "acc_transactions" ("account_id")[0m
  [1m[36mActiveRecord::SchemaMigration Create (0.2ms)[0m  [1m[32mINSERT INTO "schema_migrations" ("version") VALUES ('20240101013212') RETURNING "version"[0m
  [1m[36mTRANSACTION (0.1ms)[0m  [1m[36mcommit transaction[0m
Migrating to CreateExpTransactions (20240101013213)
  [1m[36mTRANSACTION (0.0ms)[0m  [1m[36mbegin transaction[0m
  [1m[35m (0.5ms)[0m  [1m[35mCREATE TABLE "exp_transactions" ("id" integer PRIMARY KEY AUTOINCREMENT NOT NULL, "date" date, "source" varchar, "description" varchar, "amount" decimal, "user_id" integer NOT NULL, "account_id" integer NOT NULL, "expense_id" integer NOT NULL, "created_at" datetime(6) NOT NULL, "updated_at" datetime(6) NOT NULL, CONSTRAINT "fk_rails_3907bc0daa"
FOREIGN KEY ("user_id")
  REFERENCES "users" ("id")
, CONSTRAINT "fk_rails_c19e3058ea"
FOREIGN KEY ("account_id")
  REFERENCES "accounts" ("id")
, CONSTRAINT "fk_rails_f22c5a3a4a"
FOREIGN KEY ("expense_id")
  REFERENCES "expenses" ("id")
)[0m
  [1m[35m (0.1ms)[0m  [1m[35mCREATE INDEX "index_exp_transactions_on_user_id" ON "exp_transactions" ("user_id")[0m
  [1m[35m (0.0ms)[0m  [1m[35mCREATE INDEX "index_exp_transactions_on_account_id" ON "exp_transactions" ("account_id")[0m
  [1m[35m (0.2ms)[0m  [1m[35mCREATE INDEX "index_exp_transactions_on_expense_id" ON "exp_transactions" ("expense_id")[0m
  [1m[36mActiveRecord::SchemaMigration Create (0.0ms)[0m  [1m[32mINSERT INTO "schema_migrations" ("version") VALUES ('20240101013213') RETURNING "version"[0m
  [1m[36mTRANSACTION (0.1ms)[0m  [1m[36mcommit transaction[0m
Migrating to AddBudgetToExpenses (20240102000245)
  [1m[36mTRANSACTION (0.0ms)[0m  [1m[36mbegin transaction[0m
  [1m[35m (1.3ms)[0m  [1m[35mALTER TABLE "expenses" ADD "budget" decimal[0m
  [1m[36mActiveRecord::SchemaMigration Create (0.0ms)[0m  [1m[32mINSERT INTO "schema_migrations" ("version") VALUES ('20240102000245') RETURNING "version"[0m
  [1m[36mTRANSACTION (0.1ms)[0m  [1m[36mcommit transaction[0m
Migrating to AddAccountIdToExpTransactions (20240102044943)
  [1m[36mTRANSACTION (0.0ms)[0m  [1m[36mbegin transaction[0m
  [1m[35m (0.0ms)[0m  [1m[35mPRAGMA foreign_keys[0m
  [1m[35m (0.0ms)[0m  [1m[35mPRAGMA defer_foreign_keys[0m
  [1m[35m (0.0ms)[0m  [1m[35mPRAGMA defer_foreign_keys = ON[0m
  [1m[35m (0.0ms)[0m  [1m[35mPRAGMA foreign_keys = OFF[0m
  [1m[35m (0.1ms)[0m  [1m[35mCREATE TEMPORARY TABLE "aexp_transactions" ("id" integer PRIMARY KEY AUTOINCREMENT NOT NULL, "date" date DEFAULT NULL, "source" varchar DEFAULT NULL, "description" varchar DEFAULT NULL, "amount" decimal DEFAULT NULL, "user_id" integer NOT NULL, "account_id" integer NOT NULL, "expense_id" integer NOT NULL, "created_at" datetime(6) NOT NULL, "updated_at" datetime(6) NOT NULL)[0m
  [1m[35m (0.1ms)[0m  [1m[35mCREATE INDEX "tindex_aexp_transactions_on_expense_id" ON "aexp_transactions" ("expense_id")[0m
  [1m[35m (0.0ms)[0m  [1m[35mCREATE INDEX "tindex_aexp_transactions_on_account_id" ON "aexp_transactions" ("account_id")[0m
  [1m[35m (0.0ms)[0m  [1m[35mCREATE INDEX "tindex_aexp_transactions_on_user_id" ON "aexp_transactions" ("user_id")[0m
  [1m[35m (0.0ms)[0m  [1m[32mINSERT INTO "aexp_transactions" ("id","date","source","description","amount","user_id","account_id","expense_id","created_at","updated_at")
                     SELECT "id","date","source","description","amount","user_id","account_id","expense_id","created_at","updated_at" FROM "exp_transactions"[0m
  [1m[35m (0.1ms)[0m  [1m[35mDROP TABLE "exp_transactions"[0m
  [1m[35m (0.0ms)[0m  [1m[35mPRAGMA defer_foreign_keys = 0[0m
  [1m[35m (0.0ms)[0m  [1m[35mPRAGMA foreign_keys = 1[0m
  [1m[36mTRANSACTION (0.0ms)[0m  [1m[31mrollback transaction[0m
Started GET "/" for 127.0.0.1 at 2024-01-14 17:35:23 -0700
  [1m[36mActiveRecord::SchemaMigration Load (0.0ms)[0m  [1m[34mSELECT "schema_migrations"."version" FROM "schema_migrations" ORDER BY "schema_migrations"."version" ASC[0m
  
ActiveRecord::PendingMigrationError (

Migrations are pending. To resolve this issue, run:

        bin/rails db:migrate

You have 5 pending migrations:

db/migrate/20240102044943_add_account_id_to_exp_transactions.rb
db/migrate/20240104004251_add_order_to_accounts.rb
db/migrate/20240107183543_change_exp_transactions_user_id_nullable.rb
db/migrate/20240107183925_change_exp_transactions_account_id_nullable.rb
db/migrate/20240108124620_add_default_fund_amount_to_expenses.rb


):
  
activerecord (7.1.2) lib/active_record/migration.rb:754:in `check_pending_migrations'
activerecord (7.1.2) lib/active_record/migration.rb:643:in `block (2 levels) in call'
activesupport (7.1.2) lib/active_support/file_update_checker.rb:85:in `execute'
activerecord (7.1.2) lib/active_record/migration.rb:648:in `block in call'
activerecord (7.1.2) lib/active_record/migration.rb:640:in `synchronize'
activerecord (7.1.2) lib/active_record/migration.rb:640:in `call'
actionpack (7.1.2) lib/action_dispatch/middleware/callbacks.rb:29:in `block in call'
activesupport (7.1.2) lib/active_support/callbacks.rb:101:in `run_callbacks'
actionpack (7.1.2) lib/action_dispatch/middleware/callbacks.rb:28:in `call'
actionpack (7.1.2) lib/action_dispatch/middleware/executor.rb:14:in `call'
actionpack (7.1.2) lib/action_dispatch/middleware/actionable_exceptions.rb:16:in `call'
actionpack (7.1.2) lib/action_dispatch/middleware/debug_exceptions.rb:29:in `call'
web-console (4.2.1) lib/web_console/middleware.rb:132:in `call_app'
web-console (4.2.1) lib/web_console/middleware.rb:28:in `block in call'
web-console (4.2.1) lib/web_console/middleware.rb:17:in `catch'
web-console (4.2.1) lib/web_console/middleware.rb:17:in `call'
actionpack (7.1.2) lib/action_dispatch/middleware/show_exceptions.rb:31:in `call'
railties (7.1.2) lib/rails/rack/logger.rb:37:in `call_app'
railties (7.1.2) lib/rails/rack/logger.rb:24:in `block in call'
activesupport (7.1.2) lib/active_support/tagged_logging.rb:135:in `block in tagged'
activesupport (7.1.2) lib/active_support/tagged_logging.rb:39:in `tagged'
activesupport (7.1.2) lib/active_support/tagged_logging.rb:135:in `tagged'
activesupport (7.1.2) lib/active_support/broadcast_logger.rb:240:in `method_missing'
railties (7.1.2) lib/rails/rack/logger.rb:24:in `call'
sprockets-rails (3.4.2) lib/sprockets/rails/quiet_assets.rb:13:in `call'
actionpack (7.1.2) lib/action_dispatch/middleware/remote_ip.rb:92:in `call'
actionpack (7.1.2) lib/action_dispatch/middleware/request_id.rb:28:in `call'
rack (3.0.8) lib/rack/method_override.rb:28:in `call'
rack (3.0.8) lib/rack/runtime.rb:24:in `call'
activesupport (7.1.2) lib/active_support/cache/strategy/local_cache_middleware.rb:29:in `call'
actionpack (7.1.2) lib/action_dispatch/middleware/server_timing.rb:59:in `block in call'
actionpack (7.1.2) lib/action_dispatch/middleware/server_timing.rb:24:in `collect_events'
actionpack (7.1.2) lib/action_dispatch/middleware/server_timing.rb:58:in `call'
actionpack (7.1.2) lib/action_dispatch/middleware/executor.rb:14:in `call'
actionpack (7.1.2) lib/action_dispatch/middleware/static.rb:25:in `call'
rack (3.0.8) lib/rack/sendfile.rb:114:in `call'
actionpack (7.1.2) lib/action_dispatch/middleware/host_authorization.rb:141:in `call'
railties (7.1.2) lib/rails/engine.rb:529:in `call'
puma (6.4.0) lib/puma/configuration.rb:272:in `call'
puma (6.4.0) lib/puma/request.rb:100:in `block in handle_request'
puma (6.4.0) lib/puma/thread_pool.rb:378:in `with_force_shutdown'
puma (6.4.0) lib/puma/request.rb:99:in `handle_request'
puma (6.4.0) lib/puma/server.rb:443:in `process_client'
puma (6.4.0) lib/puma/server.rb:241:in `block in run'
puma (6.4.0) lib/puma/thread_pool.rb:155:in `block in spawn_thread'
DEPRECATION WARNING: `Rails.application.secrets` is deprecated in favor of `Rails.application.credentials` and will be removed in Rails 7.2. (called from <main> at /home/xadras/boa/boa-main/config/environment.rb:5)
  [1m[36mActiveRecord::InternalMetadata Load (0.1ms)[0m  [1m[34mSELECT * FROM "ar_internal_metadata" WHERE "ar_internal_metadata"."key" = ? ORDER BY "ar_internal_metadata"."key" ASC LIMIT 1[0m  [[nil, "environment"]]
  [1m[36mActiveRecord::SchemaMigration Load (0.1ms)[0m  [1m[34mSELECT "schema_migrations"."version" FROM "schema_migrations" ORDER BY "schema_migrations"."version" ASC[0m
Migrating to AddAccountIdToExpTransactions (20240102044943)
  [1m[36mTRANSACTION (0.0ms)[0m  [1m[36mbegin transaction[0m
  [1m[35m (0.0ms)[0m  [1m[35mPRAGMA foreign_keys[0m
  [1m[35m (0.0ms)[0m  [1m[35mPRAGMA defer_foreign_keys[0m
  [1m[35m (0.0ms)[0m  [1m[35mPRAGMA defer_foreign_keys = ON[0m
  [1m[35m (0.0ms)[0m  [1m[35mPRAGMA foreign_keys = OFF[0m
  [1m[35m (0.1ms)[0m  [1m[35mCREATE TEMPORARY TABLE "aexp_transactions" ("id" integer PRIMARY KEY AUTOINCREMENT NOT NULL, "date" date DEFAULT NULL, "source" varchar DEFAULT NULL, "description" varchar DEFAULT NULL, "amount" decimal DEFAULT NULL, "user_id" integer NOT NULL, "account_id" integer NOT NULL, "expense_id" integer NOT NULL, "created_at" datetime(6) NOT NULL, "updated_at" datetime(6) NOT NULL)[0m
  [1m[35m (0.0ms)[0m  [1m[35mCREATE INDEX "tindex_aexp_transactions_on_expense_id" ON "aexp_transactions" ("expense_id")[0m
  [1m[35m (0.1ms)[0m  [1m[35mCREATE INDEX "tindex_aexp_transactions_on_account_id" ON "aexp_transactions" ("account_id")[0m
  [1m[35m (0.0ms)[0m  [1m[35mCREATE INDEX "tindex_aexp_transactions_on_user_id" ON "aexp_transactions" ("user_id")[0m
  [1m[35m (0.0ms)[0m  [1m[32mINSERT INTO "aexp_transactions" ("id","date","source","description","amount","user_id","account_id","expense_id","created_at","updated_at")
                     SELECT "id","date","source","description","amount","user_id","account_id","expense_id","created_at","updated_at" FROM "exp_transactions"[0m
  [1m[35m (0.2ms)[0m  [1m[35mDROP TABLE "exp_transactions"[0m
  [1m[35m (0.0ms)[0m  [1m[35mPRAGMA defer_foreign_keys = 0[0m
  [1m[35m (0.0ms)[0m  [1m[35mPRAGMA foreign_keys = 1[0m
  [1m[36mTRANSACTION (0.1ms)[0m  [1m[31mrollback transaction[0m
DEPRECATION WARNING: `Rails.application.secrets` is deprecated in favor of `Rails.application.credentials` and will be removed in Rails 7.2. (called from <main> at /home/xadras/boa/boa-main/config/environment.rb:5)
  [1m[36mActiveRecord::InternalMetadata Load (0.1ms)[0m  [1m[34mSELECT * FROM "ar_internal_metadata" WHERE "ar_internal_metadata"."key" = ? ORDER BY "ar_internal_metadata"."key" ASC LIMIT 1[0m  [[nil, "environment"]]
  [1m[36mActiveRecord::SchemaMigration Load (0.1ms)[0m  [1m[34mSELECT "schema_migrations"."version" FROM "schema_migrations" ORDER BY "schema_migrations"."version" ASC[0m
Migrating to AddAccountIdToExpTransactions (20240102044943)
  [1m[36mTRANSACTION (0.1ms)[0m  [1m[36mbegin transaction[0m
  [1m[35m (0.0ms)[0m  [1m[35mPRAGMA foreign_keys[0m
  [1m[35m (0.0ms)[0m  [1m[35mPRAGMA defer_foreign_keys[0m
  [1m[35m (0.0ms)[0m  [1m[35mPRAGMA defer_foreign_keys = ON[0m
  [1m[35m (0.0ms)[0m  [1m[35mPRAGMA foreign_keys = OFF[0m
  [1m[35m (0.1ms)[0m  [1m[35mCREATE TEMPORARY TABLE "aexp_transactions" ("id" integer PRIMARY KEY AUTOINCREMENT NOT NULL, "date" date DEFAULT NULL, "source" varchar DEFAULT NULL, "description" varchar DEFAULT NULL, "amount" decimal DEFAULT NULL, "user_id" integer NOT NULL, "account_id" integer NOT NULL, "expense_id" integer NOT NULL, "created_at" datetime(6) NOT NULL, "updated_at" datetime(6) NOT NULL)[0m
  [1m[35m (0.1ms)[0m  [1m[35mCREATE INDEX "tindex_aexp_transactions_on_expense_id" ON "aexp_transactions" ("expense_id")[0m
  [1m[35m (0.3ms)[0m  [1m[35mCREATE INDEX "tindex_aexp_transactions_on_account_id" ON "aexp_transactions" ("account_id")[0m
  [1m[35m (0.1ms)[0m  [1m[35mCREATE INDEX "tindex_aexp_transactions_on_user_id" ON "aexp_transactions" ("user_id")[0m
  [1m[35m (0.0ms)[0m  [1m[32mINSERT INTO "aexp_transactions" ("id","date","source","description","amount","user_id","account_id","expense_id","created_at","updated_at")
                     SELECT "id","date","source","description","amount","user_id","account_id","expense_id","created_at","updated_at" FROM "exp_transactions"[0m
  [1m[35m (0.3ms)[0m  [1m[35mDROP TABLE "exp_transactions"[0m
  [1m[35m (0.0ms)[0m  [1m[35mPRAGMA defer_foreign_keys = 0[0m
  [1m[35m (0.0ms)[0m  [1m[35mPRAGMA foreign_keys = 1[0m
  [1m[36mTRANSACTION (0.0ms)[0m  [1m[31mrollback transaction[0m
DEPRECATION WARNING: `Rails.application.secrets` is deprecated in favor of `Rails.application.credentials` and will be removed in Rails 7.2. (called from <main> at /home/xadras/boa/boa-main/config/environment.rb:5)
  [1m[36mActiveRecord::InternalMetadata Load (0.1ms)[0m  [1m[34mSELECT * FROM "ar_internal_metadata" WHERE "ar_internal_metadata"."key" = ? ORDER BY "ar_internal_metadata"."key" ASC LIMIT 1[0m  [[nil, "environment"]]
  [1m[36mActiveRecord::SchemaMigration Load (0.1ms)[0m  [1m[34mSELECT "schema_migrations"."version" FROM "schema_migrations" ORDER BY "schema_migrations"."version" ASC[0m
Migrating to AddAccountIdToExpTransactions (20240102044943)
DEPRECATION WARNING: `Rails.application.secrets` is deprecated in favor of `Rails.application.credentials` and will be removed in Rails 7.2. (called from <main> at /home/xadras/boa/boa-main/config/environment.rb:5)
  [1m[36mActiveRecord::InternalMetadata Load (0.1ms)[0m  [1m[34mSELECT * FROM "ar_internal_metadata" WHERE "ar_internal_metadata"."key" = ? ORDER BY "ar_internal_metadata"."key" ASC LIMIT 1[0m  [[nil, "environment"]]
  [1m[36mActiveRecord::SchemaMigration Load (0.1ms)[0m  [1m[34mSELECT "schema_migrations"."version" FROM "schema_migrations" ORDER BY "schema_migrations"."version" ASC[0m
Migrating to AddAccountIdToExpTransactions (20240102044943)
  [1m[36mTRANSACTION (0.0ms)[0m  [1m[36mbegin transaction[0m
  [1m[36mActiveRecord::SchemaMigration Create (0.1ms)[0m  [1m[32mINSERT INTO "schema_migrations" ("version") VALUES ('20240102044943') RETURNING "version"[0m
  [1m[36mTRANSACTION (1.2ms)[0m  [1m[36mcommit transaction[0m
Migrating to AddOrderToAccounts (20240104004251)
  [1m[36mTRANSACTION (0.0ms)[0m  [1m[36mbegin transaction[0m
  [1m[35m (0.6ms)[0m  [1m[35mALTER TABLE "accounts" ADD "order" integer[0m
  [1m[36mActiveRecord::SchemaMigration Create (0.1ms)[0m  [1m[32mINSERT INTO "schema_migrations" ("version") VALUES ('20240104004251') RETURNING "version"[0m
  [1m[36mTRANSACTION (0.2ms)[0m  [1m[36mcommit transaction[0m
Migrating to ChangeExpTransactionsUserIdNullable (20240107183543)
  [1m[36mTRANSACTION (0.0ms)[0m  [1m[36mbegin transaction[0m
  [1m[35m (0.0ms)[0m  [1m[35mPRAGMA foreign_keys[0m
  [1m[35m (0.0ms)[0m  [1m[35mPRAGMA defer_foreign_keys[0m
  [1m[35m (0.0ms)[0m  [1m[35mPRAGMA defer_foreign_keys = ON[0m
  [1m[35m (0.0ms)[0m  [1m[35mPRAGMA foreign_keys = OFF[0m
  [1m[35m (0.1ms)[0m  [1m[35mCREATE TEMPORARY TABLE "aexp_transactions" ("id" integer PRIMARY KEY AUTOINCREMENT NOT NULL, "date" date DEFAULT NULL, "source" varchar DEFAULT NULL, "description" varchar DEFAULT NULL, "amount" decimal DEFAULT NULL, "user_id" integer NOT NULL, "account_id" integer NOT NULL, "expense_id" integer NOT NULL, "created_at" datetime(6) NOT NULL, "updated_at" datetime(6) NOT NULL)[0m
  [1m[35m (0.0ms)[0m  [1m[35mCREATE INDEX "tindex_aexp_transactions_on_expense_id" ON "aexp_transactions" ("expense_id")[0m
  [1m[35m (0.0ms)[0m  [1m[35mCREATE INDEX "tindex_aexp_transactions_on_account_id" ON "aexp_transactions" ("account_id")[0m
  [1m[35m (0.0ms)[0m  [1m[35mCREATE INDEX "tindex_aexp_transactions_on_user_id" ON "aexp_transactions" ("user_id")[0m
  [1m[35m (0.0ms)[0m  [1m[32mINSERT INTO "aexp_transactions" ("id","date","source","description","amount","user_id","account_id","expense_id","created_at","updated_at")
                     SELECT "id","date","source","description","amount","user_id","account_id","expense_id","created_at","updated_at" FROM "exp_transactions"[0m
  [1m[35m (0.2ms)[0m  [1m[35mDROP TABLE "exp_transactions"[0m
  [1m[35m (0.1ms)[0m  [1m[35mCREATE TABLE "exp_transactions" ("id" integer PRIMARY KEY AUTOINCREMENT NOT NULL, "date" date DEFAULT NULL, "source" varchar DEFAULT NULL, "description" varchar DEFAULT NULL, "amount" decimal DEFAULT NULL, "user_id" integer, "account_id" integer NOT NULL, "expense_id" integer NOT NULL, "created_at" datetime(6) NOT NULL, "updated_at" datetime(6) NOT NULL, CONSTRAINT "fk_rails_f22c5a3a4a"
FOREIGN KEY ("expense_id")
  REFERENCES "expenses" ("id")
, CONSTRAINT "fk_rails_c19e3058ea"
FOREIGN KEY ("account_id")
  REFERENCES "accounts" ("id")
, CONSTRAINT "fk_rails_3907bc0daa"
FOREIGN KEY ("user_id")
  REFERENCES "users" ("id")
)[0m
  [1m[35m (0.1ms)[0m  [1m[35mCREATE INDEX "index_exp_transactions_on_user_id" ON "exp_transactions" ("user_id")[0m
  [1m[35m (0.1ms)[0m  [1m[35mCREATE INDEX "index_exp_transactions_on_account_id" ON "exp_transactions" ("account_id")[0m
  [1m[35m (0.0ms)[0m  [1m[35mCREATE INDEX "index_exp_transactions_on_expense_id" ON "exp_transactions" ("expense_id")[0m
  [1m[35m (0.0ms)[0m  [1m[32mINSERT INTO "exp_transactions" ("id","date","source","description","amount","user_id","account_id","expense_id","created_at","updated_at")
                     SELECT "id","date","source","description","amount","user_id","account_id","expense_id","created_at","updated_at" FROM "aexp_transactions"[0m
  [1m[35m (0.1ms)[0m  [1m[35mDROP TABLE "aexp_transactions"[0m
  [1m[35m (0.0ms)[0m  [1m[35mPRAGMA defer_foreign_keys = 0[0m
  [1m[35m (0.0ms)[0m  [1m[35mPRAGMA foreign_keys = 1[0m
  [1m[36mActiveRecord::SchemaMigration Create (0.0ms)[0m  [1m[32mINSERT INTO "schema_migrations" ("version") VALUES ('20240107183543') RETURNING "version"[0m
  [1m[36mTRANSACTION (0.2ms)[0m  [1m[36mcommit transaction[0m
Migrating to ChangeExpTransactionsAccountIdNullable (20240107183925)
  [1m[36mTRANSACTION (0.0ms)[0m  [1m[36mbegin transaction[0m
  [1m[35m (0.0ms)[0m  [1m[35mPRAGMA foreign_keys[0m
  [1m[35m (0.0ms)[0m  [1m[35mPRAGMA defer_foreign_keys[0m
  [1m[35m (0.0ms)[0m  [1m[35mPRAGMA defer_foreign_keys = ON[0m
  [1m[35m (0.0ms)[0m  [1m[35mPRAGMA foreign_keys = OFF[0m
  [1m[35m (0.1ms)[0m  [1m[35mCREATE TEMPORARY TABLE "aexp_transactions" ("id" integer PRIMARY KEY AUTOINCREMENT NOT NULL, "date" date DEFAULT NULL, "source" varchar DEFAULT NULL, "description" varchar DEFAULT NULL, "amount" decimal DEFAULT NULL, "user_id" integer DEFAULT NULL, "account_id" integer NOT NULL, "expense_id" integer NOT NULL, "created_at" datetime(6) NOT NULL, "updated_at" datetime(6) NOT NULL)[0m
  [1m[35m (0.1ms)[0m  [1m[35mCREATE INDEX "tindex_aexp_transactions_on_expense_id" ON "aexp_transactions" ("expense_id")[0m
  [1m[35m (0.0ms)[0m  [1m[35mCREATE INDEX "tindex_aexp_transactions_on_account_id" ON "aexp_transactions" ("account_id")[0m
  [1m[35m (0.0ms)[0m  [1m[35mCREATE INDEX "tindex_aexp_transactions_on_user_id" ON "aexp_transactions" ("user_id")[0m
  [1m[35m (0.0ms)[0m  [1m[32mINSERT INTO "aexp_transactions" ("id","date","source","description","amount","user_id","account_id","expense_id","created_at","updated_at")
                     SELECT "id","date","source","description","amount","user_id","account_id","expense_id","created_at","updated_at" FROM "exp_transactions"[0m
  [1m[35m (0.1ms)[0m  [1m[35mDROP TABLE "exp_transactions"[0m
  [1m[35m (0.1ms)[0m  [1m[35mCREATE TABLE "exp_transactions" ("id" integer PRIMARY KEY AUTOINCREMENT NOT NULL, "date" date DEFAULT NULL, "source" varchar DEFAULT NULL, "description" varchar DEFAULT NULL, "amount" decimal DEFAULT NULL, "user_id" integer DEFAULT NULL, "account_id" integer, "expense_id" integer NOT NULL, "created_at" datetime(6) NOT NULL, "updated_at" datetime(6) NOT NULL, CONSTRAINT "fk_rails_3907bc0daa"
FOREIGN KEY ("user_id")
  REFERENCES "users" ("id")
, CONSTRAINT "fk_rails_c19e3058ea"
FOREIGN KEY ("account_id")
  REFERENCES "accounts" ("id")
, CONSTRAINT "fk_rails_f22c5a3a4a"
FOREIGN KEY ("expense_id")
  REFERENCES "expenses" ("id")
)[0m
  [1m[35m (0.1ms)[0m  [1m[35mCREATE INDEX "index_exp_transactions_on_user_id" ON "exp_transactions" ("user_id")[0m
  [1m[35m (0.1ms)[0m  [1m[35mCREATE INDEX "index_exp_transactions_on_account_id" ON "exp_transactions" ("account_id")[0m
  [1m[35m (0.1ms)[0m  [1m[35mCREATE INDEX "index_exp_transactions_on_expense_id" ON "exp_transactions" ("expense_id")[0m
  [1m[35m (0.0ms)[0m  [1m[32mINSERT INTO "exp_transactions" ("id","date","source","description","amount","user_id","account_id","expense_id","created_at","updated_at")
                     SELECT "id","date","source","description","amount","user_id","account_id","expense_id","created_at","updated_at" FROM "aexp_transactions"[0m
  [1m[35m (0.1ms)[0m  [1m[35mDROP TABLE "aexp_transactions"[0m
  [1m[35m (0.0ms)[0m  [1m[35mPRAGMA defer_foreign_keys = 0[0m
  [1m[35m (0.0ms)[0m  [1m[35mPRAGMA foreign_keys = 1[0m
  [1m[36mActiveRecord::SchemaMigration Create (0.0ms)[0m  [1m[32mINSERT INTO "schema_migrations" ("version") VALUES ('20240107183925') RETURNING "version"[0m
  [1m[36mTRANSACTION (0.3ms)[0m  [1m[36mcommit transaction[0m
Migrating to AddDefaultFundAmountToExpenses (20240108124620)
  [1m[36mTRANSACTION (0.0ms)[0m  [1m[36mbegin transaction[0m
  [1m[35m (4.6ms)[0m  [1m[35mALTER TABLE "expenses" ADD "default_fund_amount" decimal[0m
  [1m[36mActiveRecord::SchemaMigration Create (0.0ms)[0m  [1m[32mINSERT INTO "schema_migrations" ("version") VALUES ('20240108124620') RETURNING "version"[0m
  [1m[36mTRANSACTION (0.2ms)[0m  [1m[36mcommit transaction[0m
  [1m[36mActiveRecord::SchemaMigration Load (0.0ms)[0m  [1m[34mSELECT "schema_migrations"."version" FROM "schema_migrations" ORDER BY "schema_migrations"."version" ASC[0m
DEPRECATION WARNING: `Rails.application.secrets` is deprecated in favor of `Rails.application.credentials` and will be removed in Rails 7.2. (called from <main> at /home/xadras/boa/boa-main/config/environment.rb:5)
  [1m[36mActiveRecord::InternalMetadata Load (0.1ms)[0m  [1m[34mSELECT * FROM "ar_internal_metadata" WHERE "ar_internal_metadata"."key" = ? ORDER BY "ar_internal_metadata"."key" ASC LIMIT 1[0m  [[nil, "environment"]]
  [1m[36mActiveRecord::SchemaMigration Load (0.1ms)[0m  [1m[34mSELECT "schema_migrations"."version" FROM "schema_migrations" ORDER BY "schema_migrations"."version" ASC[0m
  [1m[36mActiveRecord::SchemaMigration Load (0.0ms)[0m  [1m[34mSELECT "schema_migrations"."version" FROM "schema_migrations" ORDER BY "schema_migrations"."version" ASC[0m
Started GET "/" for 127.0.0.1 at 2024-01-14 17:47:06 -0700
  [1m[36mActiveRecord::SchemaMigration Load (0.1ms)[0m  [1m[34mSELECT "schema_migrations"."version" FROM "schema_migrations" ORDER BY "schema_migrations"."version" ASC[0m
Processing by DashboardController#index as HTML
  [1m[36mAccount Load (0.1ms)[0m  [1m[34mSELECT "accounts".* FROM "accounts" WHERE "accounts"."id" IS NULL LIMIT ?[0m  [["LIMIT", 1]]
  ↳ app/controllers/application_controller.rb:9:in `set_current_account'
  [1m[36mAccount Load (0.1ms)[0m  [1m[34mSELECT "accounts".* FROM "accounts" ORDER BY "accounts"."id" ASC LIMIT ?[0m  [["LIMIT", 1]]
  ↳ app/controllers/application_controller.rb:9:in `set_current_account'
  [1m[36mExpense Load (0.1ms)[0m  [1m[34mSELECT "expenses".* FROM "expenses" WHERE "expenses"."id" IS NULL LIMIT ?[0m  [["LIMIT", 1]]
  ↳ app/controllers/application_controller.rb:14:in `set_current_expense'
Completed 401 Unauthorized in 35ms (ActiveRecord: 2.1ms | Allocations: 15680)


Started GET "/users/sign_in" for 127.0.0.1 at 2024-01-14 17:47:06 -0700
Processing by Devise::SessionsController#new as HTML
  [1m[36mAccount Load (0.1ms)[0m  [1m[34mSELECT "accounts".* FROM "accounts" WHERE "accounts"."id" IS NULL LIMIT ?[0m  [["LIMIT", 1]]
  ↳ app/controllers/application_controller.rb:9:in `set_current_account'
  [1m[36mAccount Load (0.0ms)[0m  [1m[34mSELECT "accounts".* FROM "accounts" ORDER BY "accounts"."id" ASC LIMIT ?[0m  [["LIMIT", 1]]
  ↳ app/controllers/application_controller.rb:9:in `set_current_account'
  [1m[36mExpense Load (0.0ms)[0m  [1m[34mSELECT "expenses".* FROM "expenses" WHERE "expenses"."id" IS NULL LIMIT ?[0m  [["LIMIT", 1]]
  ↳ app/controllers/application_controller.rb:14:in `set_current_expense'
  Rendering layout layouts/application.html.erb
  Rendering devise/sessions/new.html.erb within layouts/application
  Rendered devise/shared/_links.html.erb (Duration: 1.1ms | Allocations: 709)
  Rendered devise/sessions/new.html.erb within layouts/application (Duration: 7.2ms | Allocations: 3830)
  Rendered home/_header.html.erb (Duration: 1.4ms | Allocations: 851)
  Rendered layout layouts/application.html.erb (Duration: 280.5ms | Allocations: 109306)
Completed 200 OK in 309ms (Views: 283.7ms | ActiveRecord: 0.4ms | Allocations: 127231)


Started POST "/users/sign_in" for 127.0.0.1 at 2024-01-14 17:47:22 -0700
Processing by Devise::SessionsController#create as TURBO_STREAM
  Parameters: {"authenticity_token"=>"[FILTERED]", "user"=>{"email"=>"xadras@gmail.com", "password"=>"[FILTERED]", "remember_me"=>"0"}, "commit"=>"Log in"}
  [1m[36mAccount Load (0.1ms)[0m  [1m[34mSELECT "accounts".* FROM "accounts" WHERE "accounts"."id" IS NULL LIMIT ?[0m  [["LIMIT", 1]]
  ↳ app/controllers/application_controller.rb:9:in `set_current_account'
  [1m[36mAccount Load (0.1ms)[0m  [1m[34mSELECT "accounts".* FROM "accounts" ORDER BY "accounts"."id" ASC LIMIT ?[0m  [["LIMIT", 1]]
  ↳ app/controllers/application_controller.rb:9:in `set_current_account'
  [1m[36mExpense Load (0.1ms)[0m  [1m[34mSELECT "expenses".* FROM "expenses" WHERE "expenses"."id" IS NULL LIMIT ?[0m  [["LIMIT", 1]]
  ↳ app/controllers/application_controller.rb:14:in `set_current_expense'
  [1m[36mUser Load (0.1ms)[0m  [1m[34mSELECT "users".* FROM "users" WHERE "users"."email" = ? ORDER BY "users"."id" ASC LIMIT ?[0m  [["email", "xadras@gmail.com"], ["LIMIT", 1]]
Completed 401 Unauthorized in 10ms (ActiveRecord: 0.3ms | Allocations: 4120)


Processing by Devise::SessionsController#new as TURBO_STREAM
  Parameters: {"authenticity_token"=>"[FILTERED]", "user"=>{"email"=>"xadras@gmail.com", "password"=>"[FILTERED]", "remember_me"=>"0"}, "commit"=>"Log in"}
  [1m[36mCACHE Account Load (0.0ms)[0m  [1m[34mSELECT "accounts".* FROM "accounts" WHERE "accounts"."id" IS NULL LIMIT ?[0m  [["LIMIT", 1]]
  ↳ app/controllers/application_controller.rb:9:in `set_current_account'
  [1m[36mCACHE Account Load (0.0ms)[0m  [1m[34mSELECT "accounts".* FROM "accounts" ORDER BY "accounts"."id" ASC LIMIT ?[0m  [["LIMIT", 1]]
  ↳ app/controllers/application_controller.rb:9:in `set_current_account'
  [1m[36mCACHE Expense Load (0.0ms)[0m  [1m[34mSELECT "expenses".* FROM "expenses" WHERE "expenses"."id" IS NULL LIMIT ?[0m  [["LIMIT", 1]]
  ↳ app/controllers/application_controller.rb:14:in `set_current_expense'
  Rendering layout layouts/application.html.erb
  Rendering devise/sessions/new.html.erb within layouts/application
  Rendered devise/shared/_links.html.erb (Duration: 0.3ms | Allocations: 235)
  Rendered devise/sessions/new.html.erb within layouts/application (Duration: 1.6ms | Allocations: 1068)
  Rendered home/_header.html.erb (Duration: 0.4ms | Allocations: 480)
  Rendered layout layouts/application.html.erb (Duration: 4.5ms | Allocations: 4704)
Completed 200 OK in 177ms (Views: 5.0ms | ActiveRecord: 0.0ms | Allocations: 7754)


Started GET "/users/sign_up" for 127.0.0.1 at 2024-01-14 17:47:28 -0700
Processing by Devise::RegistrationsController#new as HTML
  [1m[36mAccount Load (0.1ms)[0m  [1m[34mSELECT "accounts".* FROM "accounts" WHERE "accounts"."id" IS NULL LIMIT ?[0m  [["LIMIT", 1]]
  ↳ app/controllers/application_controller.rb:9:in `set_current_account'
  [1m[36mAccount Load (0.0ms)[0m  [1m[34mSELECT "accounts".* FROM "accounts" ORDER BY "accounts"."id" ASC LIMIT ?[0m  [["LIMIT", 1]]
  ↳ app/controllers/application_controller.rb:9:in `set_current_account'
  [1m[36mExpense Load (0.0ms)[0m  [1m[34mSELECT "expenses".* FROM "expenses" WHERE "expenses"."id" IS NULL LIMIT ?[0m  [["LIMIT", 1]]
  ↳ app/controllers/application_controller.rb:14:in `set_current_expense'
  Rendering layout layouts/application.html.erb
  Rendering devise/registrations/new.html.erb within layouts/application
  Rendered devise/shared/_error_messages.html.erb (Duration: 0.3ms | Allocations: 220)
  Rendered devise/shared/_links.html.erb (Duration: 0.3ms | Allocations: 143)
  Rendered devise/registrations/new.html.erb within layouts/application (Duration: 2.6ms | Allocations: 1757)
  Rendered home/_header.html.erb (Duration: 0.4ms | Allocations: 508)
  Rendered layout layouts/application.html.erb (Duration: 6.4ms | Allocations: 5384)
Completed 200 OK in 11ms (Views: 7.2ms | ActiveRecord: 0.1ms | Allocations: 7754)


Started POST "/users" for 127.0.0.1 at 2024-01-14 17:47:39 -0700
Processing by Devise::RegistrationsController#create as TURBO_STREAM
  Parameters: {"authenticity_token"=>"[FILTERED]", "user"=>{"email"=>"xadras@gmail.com", "password"=>"[FILTERED]", "password_confirmation"=>"[FILTERED]"}, "commit"=>"Sign up"}
  [1m[36mAccount Load (0.1ms)[0m  [1m[34mSELECT "accounts".* FROM "accounts" WHERE "accounts"."id" IS NULL LIMIT ?[0m  [["LIMIT", 1]]
  ↳ app/controllers/application_controller.rb:9:in `set_current_account'
  [1m[36mAccount Load (0.1ms)[0m  [1m[34mSELECT "accounts".* FROM "accounts" ORDER BY "accounts"."id" ASC LIMIT ?[0m  [["LIMIT", 1]]
  ↳ app/controllers/application_controller.rb:9:in `set_current_account'
  [1m[36mExpense Load (0.0ms)[0m  [1m[34mSELECT "expenses".* FROM "expenses" WHERE "expenses"."id" IS NULL LIMIT ?[0m  [["LIMIT", 1]]
  ↳ app/controllers/application_controller.rb:14:in `set_current_expense'
  [1m[36mTRANSACTION (0.1ms)[0m  [1m[36mbegin transaction[0m
  [1m[36mUser Exists? (1.1ms)[0m  [1m[34mSELECT 1 AS one FROM "users" WHERE "users"."email" = ? LIMIT ?[0m  [["email", "xadras@gmail.com"], ["LIMIT", 1]]
  [1m[36mUser Create (0.2ms)[0m  [1m[32mINSERT INTO "users" ("email", "encrypted_password", "reset_password_token", "reset_password_sent_at", "remember_created_at", "created_at", "updated_at") VALUES (?, ?, ?, ?, ?, ?, ?) RETURNING "id"[0m  [["email", "xadras@gmail.com"], ["encrypted_password", "[FILTERED]"], ["reset_password_token", "[FILTERED]"], ["reset_password_sent_at", "[FILTERED]"], ["remember_created_at", nil], ["created_at", "2024-01-15 00:47:40.105438"], ["updated_at", "2024-01-15 00:47:40.105438"]]
  [1m[36mTRANSACTION (9.4ms)[0m  [1m[36mcommit transaction[0m
Redirected to http://localhost:3000/
Completed 303 See Other in 192ms (ActiveRecord: 10.9ms | Allocations: 9601)


Started GET "/" for 127.0.0.1 at 2024-01-14 17:47:40 -0700
  [1m[36mUser Load (0.1ms)[0m  [1m[34mSELECT "users".* FROM "users" WHERE "users"."id" = ? ORDER BY "users"."id" ASC LIMIT ?[0m  [["id", 1], ["LIMIT", 1]]
Processing by DashboardController#index as TURBO_STREAM
  [1m[36mAccount Load (0.0ms)[0m  [1m[34mSELECT "accounts".* FROM "accounts" WHERE "accounts"."id" IS NULL LIMIT ?[0m  [["LIMIT", 1]]
  ↳ app/controllers/application_controller.rb:9:in `set_current_account'
  [1m[36mAccount Load (0.0ms)[0m  [1m[34mSELECT "accounts".* FROM "accounts" ORDER BY "accounts"."id" ASC LIMIT ?[0m  [["LIMIT", 1]]
  ↳ app/controllers/application_controller.rb:9:in `set_current_account'
  [1m[36mExpense Load (0.0ms)[0m  [1m[34mSELECT "expenses".* FROM "expenses" WHERE "expenses"."id" IS NULL LIMIT ?[0m  [["LIMIT", 1]]
  ↳ app/controllers/application_controller.rb:14:in `set_current_expense'
  Rendering layout layouts/application.html.erb
  Rendering dashboard/index.html.erb within layouts/application
  [1m[36mAccount Load (0.1ms)[0m  [1m[34mSELECT "accounts".* FROM "accounts" WHERE "accounts"."user_id" = ? ORDER BY "accounts"."order" ASC[0m  [["user_id", 1]]
  ↳ app/views/dashboard/index.html.erb:10
  Rendered dashboard/index.html.erb within layouts/application (Duration: 1.8ms | Allocations: 1340)
  Rendered home/_header.html.erb (Duration: 0.5ms | Allocations: 575)
  Rendered layout layouts/application.html.erb (Duration: 4.6ms | Allocations: 5016)
Completed 200 OK in 24ms (Views: 5.7ms | ActiveRecord: 0.3ms | Allocations: 15803)


Started GET "/" for 127.0.0.1 at 2024-01-14 17:47:45 -0700
  [1m[36mUser Load (0.1ms)[0m  [1m[34mSELECT "users".* FROM "users" WHERE "users"."id" = ? ORDER BY "users"."id" ASC LIMIT ?[0m  [["id", 1], ["LIMIT", 1]]
Processing by DashboardController#index as HTML
  [1m[36mAccount Load (0.0ms)[0m  [1m[34mSELECT "accounts".* FROM "accounts" WHERE "accounts"."id" IS NULL LIMIT ?[0m  [["LIMIT", 1]]
  ↳ app/controllers/application_controller.rb:9:in `set_current_account'
  [1m[36mAccount Load (4.6ms)[0m  [1m[34mSELECT "accounts".* FROM "accounts" ORDER BY "accounts"."id" ASC LIMIT ?[0m  [["LIMIT", 1]]
  ↳ app/controllers/application_controller.rb:9:in `set_current_account'
  [1m[36mExpense Load (0.0ms)[0m  [1m[34mSELECT "expenses".* FROM "expenses" WHERE "expenses"."id" IS NULL LIMIT ?[0m  [["LIMIT", 1]]
  ↳ app/controllers/application_controller.rb:14:in `set_current_expense'
  Rendering layout layouts/application.html.erb
  Rendering dashboard/index.html.erb within layouts/application
  [1m[36mAccount Load (0.0ms)[0m  [1m[34mSELECT "accounts".* FROM "accounts" WHERE "accounts"."user_id" = ? ORDER BY "accounts"."order" ASC[0m  [["user_id", 1]]
  ↳ app/views/dashboard/index.html.erb:10
  Rendered dashboard/index.html.erb within layouts/application (Duration: 1.5ms | Allocations: 990)
  Rendered home/_header.html.erb (Duration: 0.7ms | Allocations: 557)
  Rendered layout layouts/application.html.erb (Duration: 4.6ms | Allocations: 4584)
Completed 200 OK in 14ms (Views: 5.1ms | ActiveRecord: 4.8ms | Allocations: 6495)


Started DELETE "/users/sign_out" for 127.0.0.1 at 2024-01-14 17:47:47 -0700
Processing by Devise::SessionsController#destroy as TURBO_STREAM
  Parameters: {"authenticity_token"=>"[FILTERED]"}
  [1m[36mUser Load (0.1ms)[0m  [1m[34mSELECT "users".* FROM "users" WHERE "users"."id" = ? ORDER BY "users"."id" ASC LIMIT ?[0m  [["id", 1], ["LIMIT", 1]]
  [1m[36mAccount Load (0.0ms)[0m  [1m[34mSELECT "accounts".* FROM "accounts" WHERE "accounts"."id" IS NULL LIMIT ?[0m  [["LIMIT", 1]]
  ↳ app/controllers/application_controller.rb:9:in `set_current_account'
  [1m[36mAccount Load (0.0ms)[0m  [1m[34mSELECT "accounts".* FROM "accounts" ORDER BY "accounts"."id" ASC LIMIT ?[0m  [["LIMIT", 1]]
  ↳ app/controllers/application_controller.rb:9:in `set_current_account'
  [1m[36mExpense Load (0.0ms)[0m  [1m[34mSELECT "expenses".* FROM "expenses" WHERE "expenses"."id" IS NULL LIMIT ?[0m  [["LIMIT", 1]]
  ↳ app/controllers/application_controller.rb:14:in `set_current_expense'
Redirected to http://localhost:3000/
Completed 303 See Other in 9ms (ActiveRecord: 0.2ms | Allocations: 4031)


Started GET "/" for 127.0.0.1 at 2024-01-14 17:47:47 -0700
Processing by DashboardController#index as TURBO_STREAM
  [1m[36mAccount Load (0.1ms)[0m  [1m[34mSELECT "accounts".* FROM "accounts" WHERE "accounts"."id" IS NULL LIMIT ?[0m  [["LIMIT", 1]]
  ↳ app/controllers/application_controller.rb:9:in `set_current_account'
  [1m[36mAccount Load (0.0ms)[0m  [1m[34mSELECT "accounts".* FROM "accounts" ORDER BY "accounts"."id" ASC LIMIT ?[0m  [["LIMIT", 1]]
  ↳ app/controllers/application_controller.rb:9:in `set_current_account'
  [1m[36mExpense Load (0.0ms)[0m  [1m[34mSELECT "expenses".* FROM "expenses" WHERE "expenses"."id" IS NULL LIMIT ?[0m  [["LIMIT", 1]]
  ↳ app/controllers/application_controller.rb:14:in `set_current_expense'
Completed 401 Unauthorized in 2ms (ActiveRecord: 0.1ms | Allocations: 1511)


Started GET "/users/sign_in" for 127.0.0.1 at 2024-01-14 17:47:47 -0700
Processing by Devise::SessionsController#new as TURBO_STREAM
  [1m[36mAccount Load (0.0ms)[0m  [1m[34mSELECT "accounts".* FROM "accounts" WHERE "accounts"."id" IS NULL LIMIT ?[0m  [["LIMIT", 1]]
  ↳ app/controllers/application_controller.rb:9:in `set_current_account'
  [1m[36mAccount Load (0.0ms)[0m  [1m[34mSELECT "accounts".* FROM "accounts" ORDER BY "accounts"."id" ASC LIMIT ?[0m  [["LIMIT", 1]]
  ↳ app/controllers/application_controller.rb:9:in `set_current_account'
  [1m[36mExpense Load (0.0ms)[0m  [1m[34mSELECT "expenses".* FROM "expenses" WHERE "expenses"."id" IS NULL LIMIT ?[0m  [["LIMIT", 1]]
  ↳ app/controllers/application_controller.rb:14:in `set_current_expense'
  Rendering layout layouts/application.html.erb
  Rendering devise/sessions/new.html.erb within layouts/application
  Rendered devise/shared/_links.html.erb (Duration: 0.3ms | Allocations: 235)
  Rendered devise/sessions/new.html.erb within layouts/application (Duration: 2.4ms | Allocations: 1073)
  Rendered home/_header.html.erb (Duration: 0.5ms | Allocations: 507)
  Rendered layout layouts/application.html.erb (Duration: 5.6ms | Allocations: 4740)
Completed 200 OK in 9ms (Views: 6.1ms | ActiveRecord: 0.1ms | Allocations: 6796)


Started GET "/" for 127.0.0.1 at 2024-01-14 17:52:07 -0700
Processing by DashboardController#index as HTML
  [1m[36mAccount Load (0.1ms)[0m  [1m[34mSELECT "accounts".* FROM "accounts" WHERE "accounts"."id" IS NULL LIMIT ?[0m  [["LIMIT", 1]]
  ↳ app/controllers/application_controller.rb:9:in `set_current_account'
  [1m[36mAccount Load (0.0ms)[0m  [1m[34mSELECT "accounts".* FROM "accounts" ORDER BY "accounts"."id" ASC LIMIT ?[0m  [["LIMIT", 1]]
  ↳ app/controllers/application_controller.rb:9:in `set_current_account'
  [1m[36mExpense Load (0.0ms)[0m  [1m[34mSELECT "expenses".* FROM "expenses" WHERE "expenses"."id" IS NULL LIMIT ?[0m  [["LIMIT", 1]]
  ↳ app/controllers/application_controller.rb:14:in `set_current_expense'
Completed 401 Unauthorized in 2ms (ActiveRecord: 0.1ms | Allocations: 1511)


Started GET "/users/sign_in" for 127.0.0.1 at 2024-01-14 17:52:07 -0700
Processing by Devise::SessionsController#new as HTML
  [1m[36mAccount Load (0.0ms)[0m  [1m[34mSELECT "accounts".* FROM "accounts" WHERE "accounts"."id" IS NULL LIMIT ?[0m  [["LIMIT", 1]]
  ↳ app/controllers/application_controller.rb:9:in `set_current_account'
  [1m[36mAccount Load (0.0ms)[0m  [1m[34mSELECT "accounts".* FROM "accounts" ORDER BY "accounts"."id" ASC LIMIT ?[0m  [["LIMIT", 1]]
  ↳ app/controllers/application_controller.rb:9:in `set_current_account'
  [1m[36mExpense Load (0.0ms)[0m  [1m[34mSELECT "expenses".* FROM "expenses" WHERE "expenses"."id" IS NULL LIMIT ?[0m  [["LIMIT", 1]]
  ↳ app/controllers/application_controller.rb:14:in `set_current_expense'
  Rendering layout layouts/application.html.erb
  Rendering devise/sessions/new.html.erb within layouts/application
  Rendered devise/shared/_links.html.erb (Duration: 0.5ms | Allocations: 235)
  Rendered devise/sessions/new.html.erb within layouts/application (Duration: 1.9ms | Allocations: 1072)
  Rendered home/_header.html.erb (Duration: 0.5ms | Allocations: 505)
  Rendered layout layouts/application.html.erb (Duration: 4.6ms | Allocations: 4693)
Completed 200 OK in 7ms (Views: 5.0ms | ActiveRecord: 0.1ms | Allocations: 6627)


DEPRECATION WARNING: `Rails.application.secrets` is deprecated in favor of `Rails.application.credentials` and will be removed in Rails 7.2. (called from <main> at /home/xadras/boa/boa-main/config/environment.rb:5)
DEPRECATION WARNING: `Rails.application.secrets` is deprecated in favor of `Rails.application.credentials` and will be removed in Rails 7.2. (called from <main> at /home/xadras/boa/config/environment.rb:5)
